[debug] [2021-04-13T06:39:41.906Z] ----------------------------------------------------------------------
[debug] [2021-04-13T06:39:41.909Z] Command:       C:\Program Files\nodejs\node.exe C:\Users\Admin\AppData\Roaming\npm\node_modules\firebase-tools\lib\bin\firebase.js emulators:start
[debug] [2021-04-13T06:39:41.909Z] CLI Version:   9.6.1
[debug] [2021-04-13T06:39:41.909Z] Platform:      win32
[debug] [2021-04-13T06:39:41.909Z] Node Version:  v14.16.0
[debug] [2021-04-13T06:39:41.942Z] Time:          Tue Apr 13 2021 12:09:41 GMT+0530 (India Standard Time)
[debug] [2021-04-13T06:39:41.942Z] ----------------------------------------------------------------------
[debug] [2021-04-13T06:39:41.942Z] 
[debug] [2021-04-13T06:39:41.989Z] > command requires scopes: ["email","openid","https://www.googleapis.com/auth/cloudplatformprojects.readonly","https://www.googleapis.com/auth/firebase","https://www.googleapis.com/auth/cloud-platform"]
[debug] [2021-04-13T06:39:41.990Z] > authorizing via signed-in user
[info] i  emulators: Starting emulators: functions, hosting {"metadata":{"emulator":{"name":"hub"},"message":"Starting emulators: functions, hosting"}}
[debug] [2021-04-13T06:39:42.039Z] [hub] writing locator at C:\Users\Admin\AppData\Local\Temp\hub-clone-1c3e2.json
[warn] !  functions: The following emulators are not running, calls to these services from the Functions emulator will affect production: auth, firestore, database, pubsub {"metadata":{"emulator":{"name":"functions"},"message":"The following emulators are not running, calls to these services from the Functions emulator will affect production: \u001b[1mauth, firestore, database, pubsub\u001b[22m"}}
[warn] !  Your requested "node" version "12" doesn't match your global version "14" {"metadata":{"emulator":{"name":"functions"},"message":"Your requested \"node\" version \"12\" doesn't match your global version \"14\""}}
[debug] [2021-04-13T06:39:42.161Z] defaultcredentials: writing to file C:\Users\Admin\AppData\Roaming\firebase\smitdesai2130_gmail_com_application_default_credentials.json
[debug] [2021-04-13T06:39:42.164Z] Setting GAC to C:\Users\Admin\AppData\Roaming\firebase\smitdesai2130_gmail_com_application_default_credentials.json {"metadata":{"emulator":{"name":"functions"},"message":"Setting GAC to C:\\Users\\Admin\\AppData\\Roaming\\firebase\\smitdesai2130_gmail_com_application_default_credentials.json"}}
[debug] [2021-04-13T06:39:42.167Z] >>> [apiv2][query] GET https://firebase.googleapis.com/v1beta1/projects/clone-1c3e2/adminSdkConfig [none]
[debug] [2021-04-13T06:39:42.861Z] <<< [apiv2][status] GET https://firebase.googleapis.com/v1beta1/projects/clone-1c3e2/adminSdkConfig 200
[debug] [2021-04-13T06:39:42.861Z] <<< [apiv2][body] GET https://firebase.googleapis.com/v1beta1/projects/clone-1c3e2/adminSdkConfig {"projectId":"clone-1c3e2","storageBucket":"clone-1c3e2.appspot.com"}
[debug] [2021-04-13T06:39:42.926Z] >>> [apiv2][query] GET https://firebase.googleapis.com/v1beta1/projects/clone-1c3e2/webApps/-/config [none]
[debug] [2021-04-13T06:39:44.218Z] <<< [apiv2][status] GET https://firebase.googleapis.com/v1beta1/projects/clone-1c3e2/webApps/-/config 200
[debug] [2021-04-13T06:39:44.218Z] <<< [apiv2][body] GET https://firebase.googleapis.com/v1beta1/projects/clone-1c3e2/webApps/-/config {"projectId":"clone-1c3e2","appId":"1:178653151181:web:3100dd046899d283fc4e84","storageBucket":"clone-1c3e2.appspot.com","apiKey":"AIzaSyAEQdwj4GuNAeqlrJ4f_KdWTDADOj1uIWQ","authDomain":"clone-1c3e2.firebaseapp.com","messagingSenderId":"178653151181","measurementId":"G-014BCW77B9"}
[info] i  hosting: Serving hosting files from: build {"metadata":{"emulator":{"name":"hosting"},"message":"Serving hosting files from: \u001b[1mbuild\u001b[22m"}}
[info] +  hosting: Local server: http://localhost:5000 {"metadata":{"emulator":{"name":"hosting"},"message":"Local server: \u001b[4m\u001b[1mhttp://localhost:5000\u001b[22m\u001b[24m"}}
[warn] !  ui: Emulator UI unable to start on port 4000, starting on 4001 instead. {"metadata":{"emulator":{"name":"ui"},"message":"Emulator UI unable to start on port 4000, starting on 4001 instead."}}
[debug] [2021-04-13T06:39:45.240Z] Ignoring unsupported arg: auto_download {"metadata":{"emulator":{"name":"ui"},"message":"Ignoring unsupported arg: auto_download"}}
[debug] [2021-04-13T06:39:45.240Z] Ignoring unsupported arg: port {"metadata":{"emulator":{"name":"ui"},"message":"Ignoring unsupported arg: port"}}
[debug] [2021-04-13T06:39:45.240Z] Starting Emulator UI with command {"binary":"node","args":["C:\\Users\\Admin\\.cache\\firebase\\emulators\\ui-v1.4.2\\server.bundle.js"],"optionalArgs":[],"joinArgs":false} {"metadata":{"emulator":{"name":"ui"},"message":"Starting Emulator UI with command {\"binary\":\"node\",\"args\":[\"C:\\\\Users\\\\Admin\\\\.cache\\\\firebase\\\\emulators\\\\ui-v1.4.2\\\\server.bundle.js\"],\"optionalArgs\":[],\"joinArgs\":false}"}}
[info] i  ui: Emulator UI logging to ui-debug.log {"metadata":{"emulator":{"name":"ui"},"message":"Emulator UI logging to \u001b[1mui-debug.log\u001b[22m"}}
[debug] [2021-04-13T06:39:45.449Z] Web / API server started at http://localhost:4001
 {"metadata":{"emulator":{"name":"ui"},"message":"Web / API server started at http://localhost:4001\n"}}
[info] i  functions: Watching "C:\Users\Admin\Desktop\amazon-clone\functions" for Cloud Functions... {"metadata":{"emulator":{"name":"functions"},"message":"Watching \"C:\\Users\\Admin\\Desktop\\amazon-clone\\functions\" for Cloud Functions..."}}
[debug] [2021-04-13T06:39:45.526Z] [worker-pool] addWorker(~diagnostic~) {"metadata":{"emulator":{"name":"functions"},"message":"[worker-pool] addWorker(~diagnostic~)"}}
[debug] [2021-04-13T06:39:45.526Z] [worker-pool] Adding worker with key ~diagnostic~, total=1 {"metadata":{"emulator":{"name":"functions"},"message":"[worker-pool] Adding worker with key ~diagnostic~, total=1"}}
[debug] [2021-04-13T06:39:45.527Z] [worker-pool] submitWork(triggerId=) {"metadata":{"emulator":{"name":"functions"},"message":"[worker-pool] submitWork(triggerId=)"}}
[debug] [2021-04-13T06:39:45.528Z] [worker-~diagnostic~-9514e067-174e-422f-958a-a8b61aead1f2]: Assigning socketPath: \\?\pipe\C:\Users\Admin\Desktop\amazon-clone\functions\1532 {"metadata":{"emulator":{"name":"functions"},"message":"[worker-~diagnostic~-9514e067-174e-422f-958a-a8b61aead1f2]: Assigning socketPath: \\\\?\\pipe\\C:\\Users\\Admin\\Desktop\\amazon-clone\\functions\\1532"}}
[debug] [2021-04-13T06:39:45.529Z] [worker-~diagnostic~-9514e067-174e-422f-958a-a8b61aead1f2]: BUSY {"metadata":{"emulator":{"name":"functions"},"message":"[worker-~diagnostic~-9514e067-174e-422f-958a-a8b61aead1f2]: BUSY"}}
[debug] [2021-04-13T06:39:45.920Z] [runtime-status] [1532] Functions runtime initialized. {"cwd":"C:\\Users\\Admin\\Desktop\\amazon-clone\\functions","node_version":"14.16.0"} {"metadata":{"emulator":{"name":"functions"},"message":"[runtime-status] [1532] Functions runtime initialized. {\"cwd\":\"C:\\\\Users\\\\Admin\\\\Desktop\\\\amazon-clone\\\\functions\",\"node_version\":\"14.16.0\"}"}}
[debug] [2021-04-13T06:39:45.922Z] [runtime-status] [1532] Disabled runtime features: undefined {"metadata":{"emulator":{"name":"functions"},"message":"[runtime-status] [1532] Disabled runtime features: undefined"}}
[debug] [2021-04-13T06:39:45.928Z] [runtime-status] [1532] Resolved module firebase-admin {"declared":true,"installed":true,"version":"9.6.0","resolution":"C:\\Users\\Admin\\Desktop\\amazon-clone\\functions\\node_modules\\firebase-admin\\lib\\index.js"} {"metadata":{"emulator":{"name":"functions"},"message":"[runtime-status] [1532] Resolved module firebase-admin {\"declared\":true,\"installed\":true,\"version\":\"9.6.0\",\"resolution\":\"C:\\\\Users\\\\Admin\\\\Desktop\\\\amazon-clone\\\\functions\\\\node_modules\\\\firebase-admin\\\\lib\\\\index.js\"}"}}
[debug] [2021-04-13T06:39:45.931Z] [runtime-status] [1532] Resolved module firebase-functions {"declared":true,"installed":true,"version":"3.13.2","resolution":"C:\\Users\\Admin\\Desktop\\amazon-clone\\functions\\node_modules\\firebase-functions\\lib\\index.js"} {"metadata":{"emulator":{"name":"functions"},"message":"[runtime-status] [1532] Resolved module firebase-functions {\"declared\":true,\"installed\":true,\"version\":\"3.13.2\",\"resolution\":\"C:\\\\Users\\\\Admin\\\\Desktop\\\\amazon-clone\\\\functions\\\\node_modules\\\\firebase-functions\\\\lib\\\\index.js\"}"}}
[debug] [2021-04-13T06:39:45.934Z] [runtime-status] [1532] Resolved module firebase-functions {"declared":true,"installed":true,"version":"3.13.2","resolution":"C:\\Users\\Admin\\Desktop\\amazon-clone\\functions\\node_modules\\firebase-functions\\lib\\index.js"} {"metadata":{"emulator":{"name":"functions"},"message":"[runtime-status] [1532] Resolved module firebase-functions {\"declared\":true,\"installed\":true,\"version\":\"3.13.2\",\"resolution\":\"C:\\\\Users\\\\Admin\\\\Desktop\\\\amazon-clone\\\\functions\\\\node_modules\\\\firebase-functions\\\\lib\\\\index.js\"}"}}
[debug] [2021-04-13T06:39:45.936Z] [runtime-status] [1532] Outgoing network have been stubbed. [{"name":"http","status":"mocked"},{"name":"http","status":"mocked"},{"name":"https","status":"mocked"},{"name":"https","status":"mocked"},{"name":"net","status":"mocked"}] {"metadata":{"emulator":{"name":"functions"},"message":"[runtime-status] [1532] Outgoing network have been stubbed. [{\"name\":\"http\",\"status\":\"mocked\"},{\"name\":\"http\",\"status\":\"mocked\"},{\"name\":\"https\",\"status\":\"mocked\"},{\"name\":\"https\",\"status\":\"mocked\"},{\"name\":\"net\",\"status\":\"mocked\"}]"}}
[debug] [2021-04-13T06:39:45.937Z] [runtime-status] [1532] Resolved module firebase-functions {"declared":true,"installed":true,"version":"3.13.2","resolution":"C:\\Users\\Admin\\Desktop\\amazon-clone\\functions\\node_modules\\firebase-functions\\lib\\index.js"} {"metadata":{"emulator":{"name":"functions"},"message":"[runtime-status] [1532] Resolved module firebase-functions {\"declared\":true,\"installed\":true,\"version\":\"3.13.2\",\"resolution\":\"C:\\\\Users\\\\Admin\\\\Desktop\\\\amazon-clone\\\\functions\\\\node_modules\\\\firebase-functions\\\\lib\\\\index.js\"}"}}
[debug] [2021-04-13T06:39:46.051Z] [runtime-status] [1532] Checked functions.config() {"config":{}} {"metadata":{"emulator":{"name":"functions"},"message":"[runtime-status] [1532] Checked functions.config() {\"config\":{}}"}}
[debug] [2021-04-13T06:39:46.052Z] [runtime-status] [1532] firebase-functions has been stubbed. {"functionsResolution":{"declared":true,"installed":true,"version":"3.13.2","resolution":"C:\\Users\\Admin\\Desktop\\amazon-clone\\functions\\node_modules\\firebase-functions\\lib\\index.js"}} {"metadata":{"emulator":{"name":"functions"},"message":"[runtime-status] [1532] firebase-functions has been stubbed. {\"functionsResolution\":{\"declared\":true,\"installed\":true,\"version\":\"3.13.2\",\"resolution\":\"C:\\\\Users\\\\Admin\\\\Desktop\\\\amazon-clone\\\\functions\\\\node_modules\\\\firebase-functions\\\\lib\\\\index.js\"}}"}}
[debug] [2021-04-13T06:39:46.053Z] [runtime-status] [1532] Resolved module firebase-functions {"declared":true,"installed":true,"version":"3.13.2","resolution":"C:\\Users\\Admin\\Desktop\\amazon-clone\\functions\\node_modules\\firebase-functions\\lib\\index.js"} {"metadata":{"emulator":{"name":"functions"},"message":"[runtime-status] [1532] Resolved module firebase-functions {\"declared\":true,\"installed\":true,\"version\":\"3.13.2\",\"resolution\":\"C:\\\\Users\\\\Admin\\\\Desktop\\\\amazon-clone\\\\functions\\\\node_modules\\\\firebase-functions\\\\lib\\\\index.js\"}"}}
[debug] [2021-04-13T06:39:46.055Z] [runtime-status] [1532] Resolved module firebase-admin {"declared":true,"installed":true,"version":"9.6.0","resolution":"C:\\Users\\Admin\\Desktop\\amazon-clone\\functions\\node_modules\\firebase-admin\\lib\\index.js"} {"metadata":{"emulator":{"name":"functions"},"message":"[runtime-status] [1532] Resolved module firebase-admin {\"declared\":true,\"installed\":true,\"version\":\"9.6.0\",\"resolution\":\"C:\\\\Users\\\\Admin\\\\Desktop\\\\amazon-clone\\\\functions\\\\node_modules\\\\firebase-admin\\\\lib\\\\index.js\"}"}}
[debug] [2021-04-13T06:39:46.057Z] [runtime-status] [1532] Resolved module firebase-functions {"declared":true,"installed":true,"version":"3.13.2","resolution":"C:\\Users\\Admin\\Desktop\\amazon-clone\\functions\\node_modules\\firebase-functions\\lib\\index.js"} {"metadata":{"emulator":{"name":"functions"},"message":"[runtime-status] [1532] Resolved module firebase-functions {\"declared\":true,\"installed\":true,\"version\":\"3.13.2\",\"resolution\":\"C:\\\\Users\\\\Admin\\\\Desktop\\\\amazon-clone\\\\functions\\\\node_modules\\\\firebase-functions\\\\lib\\\\index.js\"}"}}
[debug] [2021-04-13T06:39:46.057Z] [runtime-status] [1532] firebase-admin has been stubbed. {"adminResolution":{"declared":true,"installed":true,"version":"9.6.0","resolution":"C:\\Users\\Admin\\Desktop\\amazon-clone\\functions\\node_modules\\firebase-admin\\lib\\index.js"}} {"metadata":{"emulator":{"name":"functions"},"message":"[runtime-status] [1532] firebase-admin has been stubbed. {\"adminResolution\":{\"declared\":true,\"installed\":true,\"version\":\"9.6.0\",\"resolution\":\"C:\\\\Users\\\\Admin\\\\Desktop\\\\amazon-clone\\\\functions\\\\node_modules\\\\firebase-admin\\\\lib\\\\index.js\"}}"}}
[info] +  functions[api]: http function initialized (http://localhost:5001/clone-1c3e2/us-central1/api). {"metadata":{"emulator":{"name":"functions"},"message":"\u001b[1mhttp\u001b[22m function initialized (http://localhost:5001/clone-1c3e2/us-central1/api)."}}
[info] 
┌─────────────────────────────────────────────────────────────┐
│ ✔  All emulators ready! It is now safe to connect your app. │
│ i  View Emulator UI at http://localhost:4001                │
└─────────────────────────────────────────────────────────────┘

┌───────────┬────────────────┬─────────────────────────────────┐
│ Emulator  │ Host:Port      │ View in Emulator UI             │
├───────────┼────────────────┼─────────────────────────────────┤
│ Functions │ localhost:5001 │ http://localhost:4001/functions │
├───────────┼────────────────┼─────────────────────────────────┤
│ Hosting   │ localhost:5000 │ n/a                             │
└───────────┴────────────────┴─────────────────────────────────┘
  Emulator Hub running at localhost:4400
  Other reserved ports: 4500

Issues? Report them at https://github.com/firebase/firebase-tools/issues and attach the *-debug.log files.
 
[debug] [2021-04-13T06:39:46.504Z] [worker-~diagnostic~-9514e067-174e-422f-958a-a8b61aead1f2]: IDLE {"metadata":{"emulator":{"name":"functions"},"message":"[worker-~diagnostic~-9514e067-174e-422f-958a-a8b61aead1f2]: IDLE"}}
[info] i  hosting: 127.0.0.1 - - [13/Apr/2021:06:50:04 +0000] "GET / HTTP/1.1" 200 2982 "http://localhost:4001/" "Mozilla/5.0 (Windows NT 10.0; Win64; x64) AppleWebKit/537.36 (KHTML, like Gecko) Chrome/89.0.4389.114 Safari/537.36" {"metadata":{"emulator":{"name":"hosting"},"message":"127.0.0.1 - - [13/Apr/2021:06:50:04 +0000] \"GET / HTTP/1.1\" 200 2982 \"http://localhost:4001/\" \"Mozilla/5.0 (Windows NT 10.0; Win64; x64) AppleWebKit/537.36 (KHTML, like Gecko) Chrome/89.0.4389.114 Safari/537.36\""}}
[info] i  hosting: 127.0.0.1 - - [13/Apr/2021:06:50:04 +0000] "GET /static/js/2.a85c3470.chunk.js HTTP/1.1" 200 1123489 "http://localhost:5000/" "Mozilla/5.0 (Windows NT 10.0; Win64; x64) AppleWebKit/537.36 (KHTML, like Gecko) Chrome/89.0.4389.114 Safari/537.36" {"metadata":{"emulator":{"name":"hosting"},"message":"127.0.0.1 - - [13/Apr/2021:06:50:04 +0000] \"GET /static/js/2.a85c3470.chunk.js HTTP/1.1\" 200 1123489 \"http://localhost:5000/\" \"Mozilla/5.0 (Windows NT 10.0; Win64; x64) AppleWebKit/537.36 (KHTML, like Gecko) Chrome/89.0.4389.114 Safari/537.36\""}}
[info] i  hosting: 127.0.0.1 - - [13/Apr/2021:06:50:04 +0000] "GET /static/js/main.1a49a05c.chunk.js HTTP/1.1" 200 14737 "http://localhost:5000/" "Mozilla/5.0 (Windows NT 10.0; Win64; x64) AppleWebKit/537.36 (KHTML, like Gecko) Chrome/89.0.4389.114 Safari/537.36" {"metadata":{"emulator":{"name":"hosting"},"message":"127.0.0.1 - - [13/Apr/2021:06:50:04 +0000] \"GET /static/js/main.1a49a05c.chunk.js HTTP/1.1\" 200 14737 \"http://localhost:5000/\" \"Mozilla/5.0 (Windows NT 10.0; Win64; x64) AppleWebKit/537.36 (KHTML, like Gecko) Chrome/89.0.4389.114 Safari/537.36\""}}
[info] i  hosting: 127.0.0.1 - - [13/Apr/2021:06:50:04 +0000] "GET /static/css/main.73523301.chunk.css HTTP/1.1" 200 4874 "http://localhost:5000/" "Mozilla/5.0 (Windows NT 10.0; Win64; x64) AppleWebKit/537.36 (KHTML, like Gecko) Chrome/89.0.4389.114 Safari/537.36" {"metadata":{"emulator":{"name":"hosting"},"message":"127.0.0.1 - - [13/Apr/2021:06:50:04 +0000] \"GET /static/css/main.73523301.chunk.css HTTP/1.1\" 200 4874 \"http://localhost:5000/\" \"Mozilla/5.0 (Windows NT 10.0; Win64; x64) AppleWebKit/537.36 (KHTML, like Gecko) Chrome/89.0.4389.114 Safari/537.36\""}}
[info] i  hosting: 127.0.0.1 - - [13/Apr/2021:06:50:06 +0000] "GET /manifest.json HTTP/1.1" 200 492 "http://localhost:5000/" "Mozilla/5.0 (Windows NT 10.0; Win64; x64) AppleWebKit/537.36 (KHTML, like Gecko) Chrome/89.0.4389.114 Safari/537.36" {"metadata":{"emulator":{"name":"hosting"},"message":"127.0.0.1 - - [13/Apr/2021:06:50:06 +0000] \"GET /manifest.json HTTP/1.1\" 200 492 \"http://localhost:5000/\" \"Mozilla/5.0 (Windows NT 10.0; Win64; x64) AppleWebKit/537.36 (KHTML, like Gecko) Chrome/89.0.4389.114 Safari/537.36\""}}
[info] i  hosting: 127.0.0.1 - - [13/Apr/2021:06:50:06 +0000] "GET /logo192.png HTTP/1.1" 200 2982 "http://localhost:5000/" "Mozilla/5.0 (Windows NT 10.0; Win64; x64) AppleWebKit/537.36 (KHTML, like Gecko) Chrome/89.0.4389.114 Safari/537.36" {"metadata":{"emulator":{"name":"hosting"},"message":"127.0.0.1 - - [13/Apr/2021:06:50:06 +0000] \"GET /logo192.png HTTP/1.1\" 200 2982 \"http://localhost:5000/\" \"Mozilla/5.0 (Windows NT 10.0; Win64; x64) AppleWebKit/537.36 (KHTML, like Gecko) Chrome/89.0.4389.114 Safari/537.36\""}}
